[debug] [2021-01-04T19:39:50.445Z] ----------------------------------------------------------------------
[debug] [2021-01-04T19:39:50.447Z] Command:       C:\Users\JASONH~1\DOWNLO~1\firebase-tools-instant-win.exe C:\Users\JasonHoku\.cache\firebase\tools\lib\node_modules\firebase-tools\lib\bin\firebase init
[debug] [2021-01-04T19:39:50.447Z] CLI Version:   9.1.0
[debug] [2021-01-04T19:39:50.447Z] Platform:      win32
[debug] [2021-01-04T19:39:50.447Z] Node Version:  v12.18.1
[debug] [2021-01-04T19:39:50.448Z] Time:          Mon Jan 04 2021 09:39:50 GMT-1000 (Hawaii-Aleutian Standard Time)
[debug] [2021-01-04T19:39:50.448Z] ----------------------------------------------------------------------
[debug] [2021-01-04T19:39:50.448Z] 
[debug] [2021-01-04T19:39:50.453Z] > command requires scopes: ["email","openid","https://www.googleapis.com/auth/cloudplatformprojects.readonly","https://www.googleapis.com/auth/firebase","https://www.googleapis.com/auth/cloud-platform"]
[debug] [2021-01-04T19:39:50.454Z] > authorizing via signed-in user
[info] 
     ######## #### ########  ######## ########     ###     ######  ########
     ##        ##  ##     ## ##       ##     ##  ##   ##  ##       ##
     ######    ##  ########  ######   ########  #########  ######  ######
     ##        ##  ##    ##  ##       ##     ## ##     ##       ## ##
     ##       #### ##     ## ######## ########  ##     ##  ######  ########

You're about to initialize a Firebase project in this directory:

  C:\Users\JasonHoku\Documents\GitProjects\PrettCoolWeb

Before we get started, keep in mind:

  * You are initializing in an existing Firebase project directory

[info] 
=== Project Setup
[info] 
[info] First, let's associate this project directory with a Firebase project.
[info] You can create multiple project aliases by running firebase use --add, 
[info] but for now we'll just set up a default project.
[info] 
[info] i  .firebaserc already has a default project, using prettycoolpattern. 
[debug] [2021-01-04T19:39:53.800Z] >>> HTTP REQUEST GET https://firebase.googleapis.com/v1beta1/projects/prettycoolpattern  
 
[debug] [2021-01-04T19:39:54.203Z] <<< HTTP RESPONSE 200 {"content-type":"application/json; charset=UTF-8","vary":"X-Origin, Referer, Origin,Accept-Encoding","date":"Mon, 04 Jan 2021 19:39:53 GMT","server":"ESF","cache-control":"private","x-xss-protection":"0","x-frame-options":"SAMEORIGIN","x-content-type-options":"nosniff","alt-svc":"h3-29=\":443\"; ma=2592000,h3-T051=\":443\"; ma=2592000,h3-Q050=\":443\"; ma=2592000,h3-Q046=\":443\"; ma=2592000,h3-Q043=\":443\"; ma=2592000,quic=\":443\"; ma=2592000; v=\"46,43\"","accept-ranges":"none","transfer-encoding":"chunked"}
[info] 
=== Hosting Setup
[info] 
[info] Your public directory is the folder (relative to your project directory) that
[info] will contain Hosting assets to be uploaded with firebase deploy. If you
[info] have a build process for your assets, use your build's output directory.
[info] 
[info] +  Wrote build/404.html 
[debug] [2021-01-04T19:40:04.168Z] >>> [apiv2][query] GET https://www.gstatic.com/firebasejs/releases.json [none]
[debug] [2021-01-04T19:40:04.401Z] <<< [apiv2][status] GET https://www.gstatic.com/firebasejs/releases.json 200
[debug] [2021-01-04T19:40:04.401Z] <<< [apiv2][body] GET https://www.gstatic.com/firebasejs/releases.json {"current":{"version":"8.2.1","browserURL":"https://www.gstatic.com/firebasejs/8.2.1/firebase.js","packageURL":"https://www.gstatic.com/firebasejs/8.2.1/firebase.tgz"},"live":{"version":"8.2","browserURL":"https://www.gstatic.com/firebasejs/live/8.2/firebase.js","packageURL":"https://www.gstatic.com/firebasejs/live/8.2/firebase.tgz"},"components":{"analytics":"https://www.gstatic.com/firebasejs/8.2.1/firebase-analytics.js","app":"https://www.gstatic.com/firebasejs/8.2.1/firebase-app.js","auth":"https://www.gstatic.com/firebasejs/8.2.1/firebase-auth.js","database":"https://www.gstatic.com/firebasejs/8.2.1/firebase-database.js","firestore":"https://www.gstatic.com/firebasejs/8.2.1/firebase-firestore.js","functions":"https://www.gstatic.com/firebasejs/8.2.1/firebase-functions.js","installations":"https://www.gstatic.com/firebasejs/8.2.1/firebase-installations.js","messaging":"https://www.gstatic.com/firebasejs/8.2.1/firebase-messaging.js","storage":"https://www.gstatic.com/firebasejs/8.2.1/firebase-storage.js","performance":"https://www.gstatic.com/firebasejs/8.2.1/firebase-performance.js","remote-config":"https://www.gstatic.com/firebasejs/8.2.1/firebase-remote-config.js","firestore.memory":"https://www.gstatic.com/firebasejs/8.2.1/firebase-firestore.memory.js"}}
[info] i  Skipping write of build/index.html 
[info] 
[info] i  Detected a .git folder at C:\Users\JasonHoku\Documents\GitProjects\PrettCoolWeb 
[info] i  Authorizing with GitHub to upload your service account to a GitHub repository's secrets store. 
[info] 
[info] Visit this URL on this device to log in:
[info] https://github.com/login/oauth/authorize?client_id=89cf50f02ac6aaed3484&state=816322162&redirect_uri=http%3A%2F%2Flocalhost%3A9005&scope=read%3Auser%20repo%20public_repo
[info] 
[info] Waiting for authentication...
[debug] [2021-01-04T19:40:08.737Z] >>> HTTP REQUEST POST https://github.com/login/oauth/access_token  
 {"client_id":"89cf50f02ac6aaed3484","client_secret":"3330d14abc895d9a74d5f17cd7a00711fa2c5bf0","code":"84f11384fbcf466cdb9b","redirect_uri":"http://localhost:9005","state":"816322162"}
[debug] [2021-01-04T19:40:09.208Z] <<< HTTP RESPONSE 200 {"server":"GitHub.com","date":"Mon, 04 Jan 2021 19:40:08 GMT","content-type":"application/json; charset=utf-8","transfer-encoding":"chunked","status":"200 OK","vary":"X-PJAX, Accept-Encoding, Accept, X-Requested-With","etag":"W/\"a3e280585b7502f5fc7fc22203fd757a\"","cache-control":"max-age=0, private, must-revalidate","strict-transport-security":"max-age=31536000; includeSubdomains; preload","x-frame-options":"deny","x-content-type-options":"nosniff","x-xss-protection":"1; mode=block","referrer-policy":"origin-when-cross-origin, strict-origin-when-cross-origin","expect-ct":"max-age=2592000, report-uri=\"https://api.github.com/_private/browser/errors\"","content-security-policy":"default-src 'none'; base-uri 'self'; block-all-mixed-content; connect-src 'self' uploads.github.com www.githubstatus.com collector.githubapp.com api.github.com github-cloud.s3.amazonaws.com github-production-repository-file-5c1aeb.s3.amazonaws.com github-production-upload-manifest-file-7fdce7.s3.amazonaws.com github-production-user-asset-6210df.s3.amazonaws.com cdn.optimizely.com logx.optimizely.com/v1/events wss://alive.github.com; font-src github.githubassets.com; form-action 'self' github.com gist.github.com; frame-ancestors 'none'; frame-src render.githubusercontent.com; img-src 'self' data: github.githubassets.com identicons.github.com collector.githubapp.com github-cloud.s3.amazonaws.com *.githubusercontent.com; manifest-src 'self'; media-src 'none'; script-src github.githubassets.com; style-src 'unsafe-inline' github.githubassets.com; worker-src github.com/socket-worker-5029ae85.js gist.github.com/socket-worker-5029ae85.js","x-github-request-id":"FC6D:063D:CC0A3E6:11FD86F2:5FF36F18"}
[debug] [2021-01-04T19:40:09.209Z] >>> [apiv2][query] GET https://api.github.com/user [none]
[debug] [2021-01-04T19:40:09.735Z] <<< [apiv2][status] GET https://api.github.com/user 200
[debug] [2021-01-04T19:40:09.735Z] <<< [apiv2][body] GET https://api.github.com/user {"login":"JasonHoku","id":6715569,"node_id":"MDQ6VXNlcjY3MTU1Njk=","avatar_url":"https://avatars1.githubusercontent.com/u/6715569?v=4","gravatar_id":"","url":"https://api.github.com/users/JasonHoku","html_url":"https://github.com/JasonHoku","followers_url":"https://api.github.com/users/JasonHoku/followers","following_url":"https://api.github.com/users/JasonHoku/following{/other_user}","gists_url":"https://api.github.com/users/JasonHoku/gists{/gist_id}","starred_url":"https://api.github.com/users/JasonHoku/starred{/owner}{/repo}","subscriptions_url":"https://api.github.com/users/JasonHoku/subscriptions","organizations_url":"https://api.github.com/users/JasonHoku/orgs","repos_url":"https://api.github.com/users/JasonHoku/repos","events_url":"https://api.github.com/users/JasonHoku/events{/privacy}","received_events_url":"https://api.github.com/users/JasonHoku/received_events","type":"User","site_admin":false,"name":"Jason Hoku","company":"JasonHoku","blog":"JasonHoku","location":"Maui, Hawaii","email":"jlevien808@gmail.com","hireable":true,"bio":"Web App Developer, Designer, Creative, Activist","twitter_username":null,"public_repos":10,"public_gists":0,"followers":2,"following":4,"created_at":"2014-02-18T12:26:52Z","updated_at":"2021-01-04T16:35:01Z","private_gists":3,"total_private_repos":6,"owned_private_repos":6,"disk_usage":1585365,"collaborators":0,"two_factor_authentication":false,"plan":{"name":"free","space":976562499,"collaborators":0,"private_repos":10000}}
[info] 
[info] +  Success! Logged into GitHub as JasonHoku 
[info] 
[debug] [2021-01-04T19:41:17.305Z] >>> [apiv2][query] GET https://api.github.com/repos/PrettyCoolPattern/PrettCoolWeb/actions/secrets/public-key type=owner
[debug] [2021-01-04T19:41:17.835Z] <<< [apiv2][status] GET https://api.github.com/repos/PrettyCoolPattern/PrettCoolWeb/actions/secrets/public-key 403
[debug] [2021-01-04T19:41:17.835Z] <<< [apiv2][body] GET https://api.github.com/repos/PrettyCoolPattern/PrettCoolWeb/actions/secrets/public-key {"message":"Must have admin rights to Repository.","documentation_url":"https://docs.github.com/rest/reference/actions#get-a-repository-public-key"}
[debug] [2021-01-04T19:41:31.129Z] >>> [apiv2][query] GET https://api.github.com/repos/PrettyCoolPattern/PrettCoolWeb/actions/secrets/public-key type=owner
[debug] [2021-01-04T19:41:31.579Z] <<< [apiv2][status] GET https://api.github.com/repos/PrettyCoolPattern/PrettCoolWeb/actions/secrets/public-key 403
[debug] [2021-01-04T19:41:31.579Z] <<< [apiv2][body] GET https://api.github.com/repos/PrettyCoolPattern/PrettCoolWeb/actions/secrets/public-key {"message":"Must have admin rights to Repository.","documentation_url":"https://docs.github.com/rest/reference/actions#get-a-repository-public-key"}
[debug] [2021-01-04T19:42:05.488Z] >>> [apiv2][query] GET https://api.github.com/repos/PrettyCoolPattern/PrettCoolWebPrettyCoolPattern/PrettCoolWeb/actions/secrets/public-key type=owner
[debug] [2021-01-04T19:42:05.931Z] <<< [apiv2][status] GET https://api.github.com/repos/PrettyCoolPattern/PrettCoolWebPrettyCoolPattern/PrettCoolWeb/actions/secrets/public-key 404
[debug] [2021-01-04T19:42:05.931Z] <<< [apiv2][body] GET https://api.github.com/repos/PrettyCoolPattern/PrettCoolWebPrettyCoolPattern/PrettCoolWeb/actions/secrets/public-key {"message":"Not Found","documentation_url":"https://docs.github.com/rest"}
[debug] [2021-01-04T19:42:08.433Z] >>> [apiv2][query] GET https://api.github.com/repos/PrettyCoolPattern/PrettCoolWeb/actions/secrets/public-key type=owner
[debug] [2021-01-04T19:42:08.996Z] <<< [apiv2][status] GET https://api.github.com/repos/PrettyCoolPattern/PrettCoolWeb/actions/secrets/public-key 403
[debug] [2021-01-04T19:42:08.996Z] <<< [apiv2][body] GET https://api.github.com/repos/PrettyCoolPattern/PrettCoolWeb/actions/secrets/public-key {"message":"Must have admin rights to Repository.","documentation_url":"https://docs.github.com/rest/reference/actions#get-a-repository-public-key"}
[debug] [2021-01-04T19:42:44.504Z] >>> [apiv2][query] GET https://api.github.com/repos/https://github.com/PrettyCoolPattern/PrettCoolWeb/actions/secrets/public-key type=owner
[debug] [2021-01-04T19:42:45.051Z] <<< [apiv2][status] GET https://api.github.com/repos/https://github.com/PrettyCoolPattern/PrettCoolWeb/actions/secrets/public-key 404
[debug] [2021-01-04T19:42:45.051Z] <<< [apiv2][body] GET https://api.github.com/repos/https://github.com/PrettyCoolPattern/PrettCoolWeb/actions/secrets/public-key {"message":"Not Found","documentation_url":"https://docs.github.com/rest"}
[debug] [2021-01-04T19:43:51.497Z] >>> [apiv2][query] GET https://api.github.com/repos/PrettyCoolPattern/PrettCoolWeb/actions/secrets/public-key type=owner
[debug] [2021-01-04T19:43:51.985Z] <<< [apiv2][status] GET https://api.github.com/repos/PrettyCoolPattern/PrettCoolWeb/actions/secrets/public-key 403
[debug] [2021-01-04T19:43:51.985Z] <<< [apiv2][body] GET https://api.github.com/repos/PrettyCoolPattern/PrettCoolWeb/actions/secrets/public-key {"message":"Must have admin rights to Repository.","documentation_url":"https://docs.github.com/rest/reference/actions#get-a-repository-public-key"}
